[06:28:47] [ServerMain/INFO]: [bootstrap] Running Java 21 (OpenJDK 64-Bit Server VM 21.0.8+9-Ubuntu-0ubuntu124.04.1; Ubuntu null) on Linux 6.8.0-1030-azure (amd64)
[06:28:47] [ServerMain/INFO]: [bootstrap] Loading Paper 1.21.8-6-main@782ce95 (2025-07-18T20:26:58Z) for Minecraft 1.21.8
[06:28:47] [ServerMain/INFO]: [PluginInitializerManager] Initializing plugins...
[06:28:48] [ServerMain/INFO]: [PluginInitializerManager] Initialized 1 plugin
[06:28:48] [ServerMain/INFO]: [PluginInitializerManager] Bukkit plugins (1):
 - SkinsRestorer (15.7.10)
[06:28:53] [ServerMain/INFO]: Environment: Environment[sessionHost=https://sessionserver.mojang.com, servicesHost=https://api.minecraftservices.com, name=PROD]
[06:28:55] [ServerMain/INFO]: Loaded 1407 recipes
[06:28:55] [ServerMain/INFO]: Loaded 1520 advancements
[06:28:55] [ServerMain/INFO]: [ca.spottedleaf.dataconverter.minecraft.datatypes.MCTypeRegistry] Initialising converters for DataConverter...
[06:28:55] [ServerMain/INFO]: [ca.spottedleaf.dataconverter.minecraft.datatypes.MCTypeRegistry] Finished initialising converters for DataConverter in 331.0ms
[06:28:55] [Server thread/INFO]: Starting minecraft server version 1.21.8
[06:28:55] [Server thread/INFO]: Loading properties
[06:28:56] [Server thread/INFO]: This server is running Paper version 1.21.8-6-main@782ce95 (2025-07-18T20:26:58Z) (Implementing API version 1.21.8-R0.1-SNAPSHOT)
[06:28:56] [Server thread/INFO]: [spark] This server bundles the spark profiler. For more information please visit https://docs.papermc.io/paper/profiling
[06:28:56] [Server thread/INFO]: Server Ping Player Sample Count: 12
[06:28:56] [Server thread/INFO]: Using 4 threads for Netty based IO
[06:28:57] [Server thread/INFO]: [MoonriseCommon] Paper is using 1 worker threads, 1 I/O threads
[06:28:57] [Server thread/INFO]: [ChunkTaskScheduler] Chunk system is using population gen parallelism: true
[06:28:58] [Server thread/INFO]: Default game type: SURVIVAL
[06:28:58] [Server thread/INFO]: Generating keypair
[06:28:58] [Server thread/INFO]: Starting Minecraft server on *:25565
[06:28:58] [Server thread/INFO]: Using epoll channel type
[06:28:58] [Server thread/INFO]: Paper: Using libdeflate (Linux x86_64) compression from Velocity.
[06:28:58] [Server thread/INFO]: Paper: Using OpenSSL 3.x.x (Linux x86_64) cipher from Velocity.
[06:28:58] [Server thread/INFO]: [SkinsRestorer] Loading server plugin SkinsRestorer v15.7.10
[06:28:58] [Server thread/INFO]: Server permissions file permissions.yml is empty, ignoring it
[06:28:58] [Server thread/INFO]: [SkinsRestorer] Enabling SkinsRestorer v15.7.10
[06:29:00] [Server thread/INFO]: [SkinsRestorer] Running on Minecraft 1.21.8.
[06:29:00] [Server thread/INFO]: [SkinsRestorer] Using paper join listener!
[06:29:00] [Server thread/WARN]: **** SERVER IS RUNNING IN OFFLINE/INSECURE MODE!
[06:29:00] [Server thread/WARN]: The server will make no attempt to authenticate usernames. Beware.
[06:29:00] [Server thread/WARN]: While this makes the game possible to play without internet access, it also opens up the ability for hackers to connect with any username they choose.
[06:29:00] [Server thread/WARN]: To change this, set "online-mode" to "true" in the server.properties file.
[06:29:00] [Server thread/INFO]: Preparing level "world"
[06:29:00] [Folia Async Scheduler Thread #1/INFO]: [SkinsRestorer] ----------------------------------------------
[06:29:00] [Folia Async Scheduler Thread #1/INFO]: [SkinsRestorer]     +==================+
[06:29:00] [Folia Async Scheduler Thread #1/INFO]: [SkinsRestorer]     |   SkinsRestorer  |
[06:29:00] [Folia Async Scheduler Thread #1/INFO]: [SkinsRestorer]     |------------------|
[06:29:00] [Folia Async Scheduler Thread #1/INFO]: [SkinsRestorer]     |  Standalone Mode |
[06:29:00] [Folia Async Scheduler Thread #1/INFO]: [SkinsRestorer]     +==================+
[06:29:00] [Folia Async Scheduler Thread #1/INFO]: [SkinsRestorer] ----------------------------------------------
[06:29:00] [Folia Async Scheduler Thread #1/INFO]: [SkinsRestorer]     Version: 15.7.10
[06:29:00] [Folia Async Scheduler Thread #1/INFO]: [SkinsRestorer]     Commit: 19ef760
[06:29:00] [Folia Async Scheduler Thread #1/INFO]: [SkinsRestorer]     This is the latest version!
[06:29:00] [Folia Async Scheduler Thread #1/INFO]: [SkinsRestorer] ----------------------------------------------
[06:29:00] [Folia Async Scheduler Thread #1/INFO]: [SkinsRestorer] Do you have issues? Read our troubleshooting guide: https://skinsrestorer.net/docs/troubleshooting
[06:29:00] [Folia Async Scheduler Thread #1/INFO]: [SkinsRestorer] Want to support SkinsRestorer? Consider donating: https://skinsrestorer.net/donate
[06:29:01] [Server thread/INFO]: Preparing start region for dimension minecraft:overworld
[06:29:02] [Server thread/INFO]: Preparing spawn area: 0%
[06:29:02] [Server thread/INFO]: Preparing spawn area: 0%
[06:29:03] [Server thread/INFO]: Preparing spawn area: 0%
[06:29:03] [Server thread/INFO]: Preparing spawn area: 0%
[06:29:03] [Server thread/INFO]: Time elapsed: 1892 ms
[06:29:03] [Server thread/INFO]: Preparing start region for dimension minecraft:the_nether
[06:29:03] [Server thread/INFO]: Preparing spawn area: 0%
[06:29:03] [Server thread/INFO]: Time elapsed: 331 ms
[06:29:03] [Server thread/INFO]: Preparing start region for dimension minecraft:the_end
[06:29:03] [Server thread/INFO]: Preparing spawn area: 0%
[06:29:03] [Server thread/INFO]: Time elapsed: 233 ms
[06:29:04] [Server thread/INFO]: [spark] Starting background profiler...
[06:29:04] [Server thread/INFO]: Done preparing level "world" (4.187s)
[06:29:04] [Server thread/INFO]: Running delayed init tasks
[06:29:04] [Server thread/INFO]: Done (19.655s)! For help, type "help"
[06:29:05] [User Authenticator #0/INFO]: UUID of player xl_Urriel is 43b190dc-7144-35bb-9cb5-0befa3a3fa7b
[06:29:05] [Server thread/INFO]: [HorriblePlayerLoginEventHack] You have plugins listening to the PlayerLoginEvent, this will cause re-configuration APIs to be unavailable: [SkinsRestorer]
[06:29:06] [Server thread/INFO]: xl_Urriel joined the game
[06:29:06] [Server thread/INFO]: xl_Urriel[/127.35.155.111:57579] logged in with entity id 52 at ([world]-9.919401507896017, 83.0, 8.760895583107772)
[06:29:08] [Server thread/WARN]: [ca.spottedleaf.moonrise.patches.chunk_system.level.entity.EntityLookup] Entity uuid already exists: 536ce34d-b128-458e-8259-d3e3ac9812e8, mapped to Bat['Bat'/105, uuid='536ce34d-b128-458e-8259-d3e3ac9812e8', l='ServerLevel[world]', x=-111.31, y=100.10, z=27.79, cpos=[-7, 1], tl=0, v=true], can't add Bat['Bat'/116, uuid='536ce34d-b128-458e-8259-d3e3ac9812e8', l='ServerLevel[world]', x=-112.38, y=99.03, z=28.64, cpos=[-8, 1], tl=0, v=false]
[06:29:08] [Server thread/WARN]: [ca.spottedleaf.moonrise.patches.chunk_system.level.entity.EntityLookup] Entity uuid already exists: b9e6be79-0ee2-4f19-9d8e-cfdc743cdec3, mapped to Goat['Goat'/129, uuid='b9e6be79-0ee2-4f19-9d8e-cfdc743cdec3', l='ServerLevel[world]', x=-126.59, y=167.00, z=-26.80, cpos=[-8, -2], tl=0, v=true], can't add Goat['Goat'/147, uuid='b9e6be79-0ee2-4f19-9d8e-cfdc743cdec3', l='ServerLevel[world]', x=-128.54, y=166.00, z=-22.80, cpos=[-9, -2], tl=0, v=false]
[06:29:09] [Server thread/WARN]: [ca.spottedleaf.moonrise.patches.chunk_system.level.entity.EntityLookup] Entity uuid already exists: 9c9b3960-a4c7-4993-8512-2760c656db9a, mapped to Goat['Goat'/145, uuid='9c9b3960-a4c7-4993-8512-2760c656db9a', l='ServerLevel[world]', x=-90.48, y=157.02, z=-78.62, cpos=[-6, -5], tl=0, v=true], can't add Goat['Goat'/171, uuid='9c9b3960-a4c7-4993-8512-2760c656db9a', l='ServerLevel[world]', x=-96.36, y=158.00, z=-87.74, cpos=[-7, -6], tl=0, v=false]
[06:29:14] [User Authenticator #0/INFO]: UUID of player D0ptra is 8001d426-478b-376a-9c9d-370b97298761
[06:29:15] [Server thread/INFO]: D0ptra joined the game
[06:29:15] [Server thread/INFO]: D0ptra[/127.152.24.164:56881] logged in with entity id 269 at ([world]-21.540837275580063, 100.41999998688698, 34.91908658569221)
[06:29:17] [User Authenticator #0/INFO]: UUID of player musso223 is 654a1ad5-f5af-328b-aab5-6d7d3c337c3d
[06:29:18] [Server thread/INFO]: musso223 joined the game
[06:29:18] [Server thread/INFO]: musso223[/127.203.16.208:60779] logged in with entity id 272 at ([world]28.73761128701803, 92.0, 3.9677897689529202)
[06:29:23] [Server thread/WARN]: [ca.spottedleaf.moonrise.patches.chunk_system.level.entity.EntityLookup] Entity uuid already exists: d25acc36-ca20-4609-920b-b4c93fa18d12, mapped to Chicken['Chicken'/313, uuid='d25acc36-ca20-4609-920b-b4c93fa18d12', l='ServerLevel[world]', x=217.00, y=106.00, z=-42.00, cpos=[13, -3], tl=0, v=true], can't add Chicken['Chicken'/315, uuid='d25acc36-ca20-4609-920b-b4c93fa18d12', l='ServerLevel[world]', x=225.12, y=108.00, z=-35.40, cpos=[14, -3], tl=0, v=false]
[06:29:32] [Server thread/INFO]: musso223 issued server command: /tp musso223 xl_Urriel
[06:29:32] [Server thread/INFO]: [musso223: Teleported musso223 to xl_Urriel]
[06:29:56] [Server thread/WARN]: [ca.spottedleaf.moonrise.patches.chunk_system.level.entity.EntityLookup] Entity uuid already exists: 36ac3e33-b72f-4840-88cf-5ea52697aa32, mapped to Chicken['Chicken'/332, uuid='36ac3e33-b72f-4840-88cf-5ea52697aa32', l='ServerLevel[world]', x=235.68, y=107.00, z=-80.72, cpos=[14, -6], tl=0, v=true], can't add Chicken['Chicken'/413, uuid='36ac3e33-b72f-4840-88cf-5ea52697aa32', l='ServerLevel[world]', x=242.88, y=105.00, z=-63.17, cpos=[15, -4], tl=0, v=false]
[06:30:39] [Server thread/INFO]: musso223 issued server command: /tp xl_Urriel musso223
[06:30:39] [Server thread/INFO]: [musso223: Teleported xl_Urriel to musso223]
[06:31:02] [Server thread/INFO]: musso223 issued server command: /tp xl_Urriel musso223
[06:31:02] [Server thread/INFO]: [musso223: Teleported xl_Urriel to musso223]
[06:32:19] [Server thread/INFO]: musso223 issued server command: /locate structure minecraft:village_taiga
[06:32:20] [Server thread/INFO]: Locating element minecraft:village_taiga took 683 ms
[06:32:23] [Server thread/INFO]: musso223 issued server command: /locate structure minecraft:village_taiga
[06:32:23] [Server thread/INFO]: Locating element minecraft:village_taiga took 0 ms
[06:32:25] [Server thread/INFO]: musso223 issued server command: /tp xl_Urriel musso223
[06:32:25] [Server thread/INFO]: [musso223: Teleported xl_Urriel to musso223]
[06:32:28] [Server thread/INFO]: xl_Urriel fell from a high place
[06:32:34] [Server thread/INFO]: musso223 issued server command: /tp xl_Urriel musso223
[06:32:34] [Server thread/INFO]: [musso223: Teleported xl_Urriel to musso223]
[06:32:37] [Server thread/INFO]: musso223 issued server command: /tp @s 64 ~ 656
[06:32:37] [Server thread/INFO]: [musso223: Teleported musso223 to 64.500000, 106.488334, 656.500000]
[06:32:54] [Server thread/INFO]: musso223 issued server command: /tp xl_Urriel musso223
[06:32:54] [Server thread/INFO]: [musso223: Teleported xl_Urriel to musso223]
[06:32:59] [Server thread/INFO]: musso223 issued server command: /tp D0ptra musso223
[06:32:59] [Server thread/INFO]: [musso223: Teleported D0ptra to musso223]
[06:33:32] [Server thread/INFO]: musso223 lost connection: Disconnected
[06:33:32] [Server thread/INFO]: musso223 left the game
[06:35:08] [Server thread/INFO]: xl_Urriel has made the advancement [Suit Up]
[06:37:09] [User Authenticator #1/INFO]: UUID of player musso223 is 654a1ad5-f5af-328b-aab5-6d7d3c337c3d
[06:37:10] [Server thread/INFO]: musso223 joined the game
[06:37:10] [Server thread/INFO]: musso223[/127.203.16.208:42415] logged in with entity id 3308 at ([world]75.94999998807907, 67.0, 660.6962707009702)
[06:37:17] [Server thread/INFO]: D0ptra has made the advancement [Acquire Hardware]
[06:39:17] [Server thread/INFO]: D0ptra has made the advancement [Sweet Dreams]
[06:39:47] [Server thread/INFO]: musso223 issued server command: /time set night
[06:39:47] [Server thread/INFO]: [musso223: Set the time to 13000]
[06:39:52] [Server thread/INFO]: musso223 issued server command: /time set day
[06:39:52] [Server thread/INFO]: [musso223: Set the time to 1000]
[06:40:40] [Server thread/INFO]: musso223 issued server command: /time set night
[06:40:40] [Server thread/INFO]: [musso223: Set the time to 13000]
[06:40:47] [Server thread/INFO]: musso223 issued server command: /time set day
[06:40:47] [Server thread/INFO]: [musso223: Set the time to 1000]
[06:41:10] [Server thread/INFO]: xl_Urriel has made the advancement [Acquire Hardware]
[06:41:15] [Server thread/INFO]: [musso223: Set own game mode to Survival Mode]
[06:41:17] [Server thread/INFO]: xl_Urriel has made the advancement [Isn't It Iron Pick]
[06:46:09] [Server thread/INFO]: musso223 issued server command: /summon minecraft:lightning_bolt
[06:46:09] [Server thread/INFO]: [musso223: Summoned new Lightning Bolt]
[06:46:11] [Server thread/INFO]: D0ptra has made the advancement [Surge Protector]
[06:46:11] [Server thread/INFO]: musso223 has made the advancement [Surge Protector]
[06:46:18] [Server thread/INFO]: xl_Urriel has made the advancement [Diamonds!]
[06:46:22] [Server thread/INFO]: musso223 issued server command: /weather clear
[06:46:22] [Server thread/INFO]: [musso223: Set the weather to clear]
[06:46:42] [Server thread/INFO]: [musso223: Set own game mode to Creative Mode]
[06:46:46] [Server thread/INFO]: musso223 issued server command: /summon minecraft:lightning_bolt
[06:46:46] [Server thread/INFO]: [musso223: Summoned new Lightning Bolt]
[06:46:55] [Server thread/INFO]: musso223 issued server command: /summon minecraft:lightning_bolt
[06:46:55] [Server thread/INFO]: [musso223: Summoned new Lightning Bolt]
[06:46:55] [Server thread/INFO]: musso223 issued server command: /summon minecraft:lightning_bolt
[06:46:55] [Server thread/INFO]: [musso223: Summoned new Lightning Bolt]
[06:46:56] [Server thread/INFO]: musso223 issued server command: /summon minecraft:lightning_bolt
[06:46:56] [Server thread/INFO]: [musso223: Summoned new Lightning Bolt]
[06:46:56] [Server thread/INFO]: musso223 issued server command: /summon minecraft:lightning_bolt
[06:46:56] [Server thread/INFO]: [musso223: Summoned new Lightning Bolt]
[06:47:05] [Server thread/INFO]: musso223 issued server command: /summon minecraft:lightning_bolt
[06:47:05] [Server thread/INFO]: [musso223: Summoned new Lightning Bolt]
[06:47:09] [Server thread/INFO]: musso223 issued server command: /summon minecraft:lightning_bolt
[06:47:09] [Server thread/INFO]: [musso223: Summoned new Lightning Bolt]
[06:47:12] [Server thread/INFO]: musso223 issued server command: /summon minecraft:lightning_bolt
[06:47:12] [Server thread/INFO]: [musso223: Summoned new Lightning Bolt]
[06:47:35] [Server thread/INFO]: musso223 issued server command: /summon minecraft:lightning_bolt
[06:47:35] [Server thread/INFO]: [musso223: Summoned new Lightning Bolt]
[06:47:48] [Server thread/INFO]: musso223 issued server command: /summon mussoo223 minecraft:lightning_bolt
[06:47:52] [Server thread/INFO]: musso223 issued server command: /summon minecraft:lightning_bolt
[06:47:52] [Server thread/INFO]: [musso223: Summoned new Lightning Bolt]
[06:47:52] [Server thread/INFO]: Villager Villager['Cartographer'/1738, uuid='9cc482df-79b9-460b-853d-ff2ba9b90537', l='ServerLevel[world]', x=62.89, y=67.56, z=667.00, cpos=[3, 41], tl=17985, v=true] was struck by lightning LightningBolt['Lightning Bolt'/5053, uuid='cf0770c3-64be-44d9-ab59-9c94714b9f45', l='ServerLevel[world]', x=63.78, y=69.00, z=663.73, cpos=[3, 41], tl=1, v=true].
[06:47:52] [Server thread/INFO]: Villager Villager['Weaponsmith'/1726, uuid='6cecce34-276f-4c1b-89fe-ca87c6bc71a3', l='ServerLevel[world]', x=60.92, y=67.94, z=661.48, cpos=[3, 41], tl=17985, v=true] was struck by lightning LightningBolt['Lightning Bolt'/5053, uuid='cf0770c3-64be-44d9-ab59-9c94714b9f45', l='ServerLevel[world]', x=63.78, y=69.00, z=663.73, cpos=[3, 41], tl=1, v=true].
[06:48:03] [Server thread/INFO]: musso223 has made the advancement [Monster Hunter]
[06:49:23] [Server thread/INFO]: musso223 has made the advancement [Stone Age]
[06:49:41] [Server thread/INFO]: xl_Urriel has made the advancement [Cover Me with Diamonds]
[06:50:03] [Server thread/INFO]: Villager Villager['Fletcher'/1739, uuid='e8ae341c-7d07-4cdb-81a3-88d0d4868177', l='ServerLevel[world]', x=52.27, y=72.00, z=663.84, cpos=[3, 41], tl=20603, v=true] died, message: 'Fletcher was slain by musso223'
[06:50:14] [Server thread/INFO]: Villager Villager['Fletcher'/5201, uuid='92bb0697-7e90-487c-99a2-03c5bec30b4b', l='ServerLevel[world]', x=81.02, y=66.00, z=633.95, cpos=[5, 39], tl=2363, v=true] died, message: 'Fletcher was slain by D0ptra'
[06:51:06] [Server thread/INFO]: musso223 has made the advancement [What a Deal!]
[06:51:37] [Server thread/INFO]: Villager Villager['Fletcher'/5487, uuid='b08ba640-5009-4e68-a0db-97d358d6e2b7', l='ServerLevel[world]', x=62.33, y=67.62, z=665.45, cpos=[3, 41], tl=2432, v=true] died, message: 'Fletcher was slain by D0ptra'
[06:51:40] [Server thread/INFO]: D0ptra was slain by Iron Golem
[06:51:42] [Server thread/INFO]: musso223 has made the advancement [Acquire Hardware]
[06:51:43] [Server thread/INFO]: Villager Villager['Villager'/1752, uuid='e0844276-c189-4130-9070-a16c0995f1d8', l='ServerLevel[world]', x=135.30, y=63.00, z=658.30, cpos=[8, 41], tl=22619, v=true] died, message: 'Villager was slain by Zombie'
[06:52:29] [Server thread/INFO]: musso223 has made the advancement [Sweet Dreams]
[06:53:05] [Server thread/INFO]: Villager Villager['Fletcher'/5489, uuid='8e04b656-41d7-4e3c-b1d7-b2712456a31e', l='ServerLevel[world]', x=64.70, y=68.00, z=667.70, cpos=[4, 41], tl=4185, v=true] died, message: 'Fletcher was slain by musso223'
[06:54:15] [Server thread/INFO]: musso223 issued server command: /time set day
[06:54:15] [Server thread/INFO]: [musso223: Set the time to 1000]
[06:55:06] [Server thread/INFO]: Villager Villager['Weaponsmith'/1725, uuid='55d2c55e-ec93-4e54-9187-dbdaa7a17956', l='ServerLevel[world]', x=87.50, y=64.00, z=637.49, cpos=[5, 39], tl=26682, v=true] died, message: 'Weaponsmith was slain by D0ptra'
[06:56:20] [Server thread/INFO]: D0ptra has made the advancement [What a Deal!]
[06:56:57] [Server thread/INFO]: Villager Villager['Weaponsmith'/1751, uuid='dcb61495-f01a-42e0-bbc7-7fc9a77107f6', l='ServerLevel[world]', x=139.70, y=63.00, z=658.48, cpos=[8, 41], tl=28891, v=true] died, message: 'Weaponsmith was slain by D0ptra'
[06:57:23] [Server thread/INFO]: musso223 issued server command: /tp xl_Urriel musso223
[06:57:23] [Server thread/INFO]: [musso223: Teleported xl_Urriel to musso223]
[06:57:26] [Server thread/INFO]: D0ptra has made the advancement [Suit Up]
[06:58:29] [Server thread/INFO]: [musso223: Set own game mode to Survival Mode]
[06:58:33] [Server thread/INFO]: [musso223: Set own game mode to Creative Mode]
